<?xml version="1.0" encoding="UTF-8"?>
<testsuite xmlns:xsi="http://www.w3.org/2001/XMLSchema-instance" xsi:noNamespaceSchemaLocation="https://maven.apache.org/surefire/maven-surefire-plugin/xsd/surefire-test-report.xsd" name="Catalog.CatalogSortByPriceTest" time="4.235" tests="1" errors="0" skipped="0" failures="0">
  <properties>
    <property name="java.specification.version" value="17"/>
    <property name="sun.jnu.encoding" value="UTF-8"/>
    <property name="java.class.path" value="/Users/kirill.kulik/Documents/AutotestDiamant/target/test-classes:/Users/kirill.kulik/Documents/AutotestDiamant/target/classes:/Users/kirill.kulik/.m2/repository/com/fasterxml/jackson/core/jackson-databind/2.12.5/jackson-databind-2.12.5.jar:/Users/kirill.kulik/.m2/repository/com/fasterxml/jackson/core/jackson-annotations/2.12.5/jackson-annotations-2.12.5.jar:/Users/kirill.kulik/.m2/repository/com/fasterxml/jackson/core/jackson-core/2.12.5/jackson-core-2.12.5.jar:/Users/kirill.kulik/.m2/repository/junit/junit/4.13.2/junit-4.13.2.jar:/Users/kirill.kulik/.m2/repository/org/hamcrest/hamcrest-core/1.3/hamcrest-core-1.3.jar:/Users/kirill.kulik/.m2/repository/org/seleniumhq/selenium/selenium-java/4.1.1/selenium-java-4.1.1.jar:/Users/kirill.kulik/.m2/repository/org/seleniumhq/selenium/selenium-api/4.1.1/selenium-api-4.1.1.jar:/Users/kirill.kulik/.m2/repository/org/seleniumhq/selenium/selenium-chrome-driver/4.1.1/selenium-chrome-driver-4.1.1.jar:/Users/kirill.kulik/.m2/repository/com/google/auto/service/auto-service-annotations/1.0.1/auto-service-annotations-1.0.1.jar:/Users/kirill.kulik/.m2/repository/com/google/auto/service/auto-service/1.0.1/auto-service-1.0.1.jar:/Users/kirill.kulik/.m2/repository/com/google/auto/auto-common/1.2/auto-common-1.2.jar:/Users/kirill.kulik/.m2/repository/org/seleniumhq/selenium/selenium-chromium-driver/4.1.1/selenium-chromium-driver-4.1.1.jar:/Users/kirill.kulik/.m2/repository/org/seleniumhq/selenium/selenium-json/4.1.1/selenium-json-4.1.1.jar:/Users/kirill.kulik/.m2/repository/org/seleniumhq/selenium/selenium-devtools-v85/4.1.1/selenium-devtools-v85-4.1.1.jar:/Users/kirill.kulik/.m2/repository/org/seleniumhq/selenium/selenium-devtools-v94/4.1.1/selenium-devtools-v94-4.1.1.jar:/Users/kirill.kulik/.m2/repository/org/seleniumhq/selenium/selenium-devtools-v95/4.1.1/selenium-devtools-v95-4.1.1.jar:/Users/kirill.kulik/.m2/repository/org/seleniumhq/selenium/selenium-devtools-v96/4.1.1/selenium-devtools-v96-4.1.1.jar:/Users/kirill.kulik/.m2/repository/org/seleniumhq/selenium/selenium-edge-driver/4.1.1/selenium-edge-driver-4.1.1.jar:/Users/kirill.kulik/.m2/repository/org/seleniumhq/selenium/selenium-firefox-driver/4.1.1/selenium-firefox-driver-4.1.1.jar:/Users/kirill.kulik/.m2/repository/org/seleniumhq/selenium/selenium-firefox-xpi-driver/4.1.1/selenium-firefox-xpi-driver-4.1.1.jar:/Users/kirill.kulik/.m2/repository/org/seleniumhq/selenium/selenium-ie-driver/4.1.1/selenium-ie-driver-4.1.1.jar:/Users/kirill.kulik/.m2/repository/org/seleniumhq/selenium/selenium-opera-driver/4.1.1/selenium-opera-driver-4.1.1.jar:/Users/kirill.kulik/.m2/repository/org/seleniumhq/selenium/selenium-remote-driver/4.1.1/selenium-remote-driver-4.1.1.jar:/Users/kirill.kulik/.m2/repository/com/beust/jcommander/1.81/jcommander-1.81.jar:/Users/kirill.kulik/.m2/repository/io/netty/netty-buffer/4.1.70.Final/netty-buffer-4.1.70.Final.jar:/Users/kirill.kulik/.m2/repository/io/netty/netty-codec-http/4.1.70.Final/netty-codec-http-4.1.70.Final.jar:/Users/kirill.kulik/.m2/repository/io/netty/netty-codec/4.1.70.Final/netty-codec-4.1.70.Final.jar:/Users/kirill.kulik/.m2/repository/io/netty/netty-handler/4.1.70.Final/netty-handler-4.1.70.Final.jar:/Users/kirill.kulik/.m2/repository/io/netty/netty-common/4.1.70.Final/netty-common-4.1.70.Final.jar:/Users/kirill.kulik/.m2/repository/io/netty/netty-transport-classes-epoll/4.1.70.Final/netty-transport-classes-epoll-4.1.70.Final.jar:/Users/kirill.kulik/.m2/repository/io/netty/netty-transport-classes-kqueue/4.1.70.Final/netty-transport-classes-kqueue-4.1.70.Final.jar:/Users/kirill.kulik/.m2/repository/io/netty/netty-transport-native-unix-common/4.1.70.Final/netty-transport-native-unix-common-4.1.70.Final.jar:/Users/kirill.kulik/.m2/repository/io/netty/netty-transport/4.1.70.Final/netty-transport-4.1.70.Final.jar:/Users/kirill.kulik/.m2/repository/io/netty/netty-resolver/4.1.70.Final/netty-resolver-4.1.70.Final.jar:/Users/kirill.kulik/.m2/repository/io/opentelemetry/opentelemetry-api/1.9.1/opentelemetry-api-1.9.1.jar:/Users/kirill.kulik/.m2/repository/io/opentelemetry/opentelemetry-context/1.9.1/opentelemetry-context-1.9.1.jar:/Users/kirill.kulik/.m2/repository/io/opentelemetry/opentelemetry-exporter-logging/1.9.1/opentelemetry-exporter-logging-1.9.1.jar:/Users/kirill.kulik/.m2/repository/io/opentelemetry/opentelemetry-sdk-metrics/1.9.1-alpha/opentelemetry-sdk-metrics-1.9.1-alpha.jar:/Users/kirill.kulik/.m2/repository/io/opentelemetry/opentelemetry-sdk-logs/1.9.1-alpha/opentelemetry-sdk-logs-1.9.1-alpha.jar:/Users/kirill.kulik/.m2/repository/io/opentelemetry/opentelemetry-sdk-common/1.9.1/opentelemetry-sdk-common-1.9.1.jar:/Users/kirill.kulik/.m2/repository/io/opentelemetry/opentelemetry-sdk-extension-autoconfigure-spi/1.9.1/opentelemetry-sdk-extension-autoconfigure-spi-1.9.1.jar:/Users/kirill.kulik/.m2/repository/io/opentelemetry/opentelemetry-sdk-extension-autoconfigure/1.9.1-alpha/opentelemetry-sdk-extension-autoconfigure-1.9.1-alpha.jar:/Users/kirill.kulik/.m2/repository/io/opentelemetry/opentelemetry-sdk-trace/1.9.1/opentelemetry-sdk-trace-1.9.1.jar:/Users/kirill.kulik/.m2/repository/io/opentelemetry/opentelemetry-api-metrics/1.9.1-alpha/opentelemetry-api-metrics-1.9.1-alpha.jar:/Users/kirill.kulik/.m2/repository/io/opentelemetry/opentelemetry-sdk/1.9.1/opentelemetry-sdk-1.9.1.jar:/Users/kirill.kulik/.m2/repository/io/opentelemetry/opentelemetry-semconv/1.9.1-alpha/opentelemetry-semconv-1.9.1-alpha.jar:/Users/kirill.kulik/.m2/repository/io/ous/jtoml/2.0.0/jtoml-2.0.0.jar:/Users/kirill.kulik/.m2/repository/net/bytebuddy/byte-buddy/1.12.2/byte-buddy-1.12.2.jar:/Users/kirill.kulik/.m2/repository/org/apache/commons/commons-exec/1.3/commons-exec-1.3.jar:/Users/kirill.kulik/.m2/repository/org/asynchttpclient/async-http-client/2.12.3/async-http-client-2.12.3.jar:/Users/kirill.kulik/.m2/repository/org/asynchttpclient/async-http-client-netty-utils/2.12.3/async-http-client-netty-utils-2.12.3.jar:/Users/kirill.kulik/.m2/repository/io/netty/netty-codec-socks/4.1.60.Final/netty-codec-socks-4.1.60.Final.jar:/Users/kirill.kulik/.m2/repository/io/netty/netty-handler-proxy/4.1.60.Final/netty-handler-proxy-4.1.60.Final.jar:/Users/kirill.kulik/.m2/repository/io/netty/netty-transport-native-epoll/4.1.60.Final/netty-transport-native-epoll-4.1.60.Final-linux-x86_64.jar:/Users/kirill.kulik/.m2/repository/io/netty/netty-transport-native-kqueue/4.1.60.Final/netty-transport-native-kqueue-4.1.60.Final-osx-x86_64.jar:/Users/kirill.kulik/.m2/repository/org/reactivestreams/reactive-streams/1.0.3/reactive-streams-1.0.3.jar:/Users/kirill.kulik/.m2/repository/com/typesafe/netty/netty-reactive-streams/2.0.4/netty-reactive-streams-2.0.4.jar:/Users/kirill.kulik/.m2/repository/com/sun/activation/jakarta.activation/1.2.2/jakarta.activation-1.2.2.jar:/Users/kirill.kulik/.m2/repository/org/seleniumhq/selenium/selenium-http/4.1.1/selenium-http-4.1.1.jar:/Users/kirill.kulik/.m2/repository/net/jodah/failsafe/2.4.4/failsafe-2.4.4.jar:/Users/kirill.kulik/.m2/repository/org/seleniumhq/selenium/selenium-safari-driver/4.1.1/selenium-safari-driver-4.1.1.jar:/Users/kirill.kulik/.m2/repository/org/seleniumhq/selenium/selenium-support/4.1.1/selenium-support-4.1.1.jar:/Users/kirill.kulik/.m2/repository/com/codeborne/selenide/6.3.5/selenide-6.3.5.jar:/Users/kirill.kulik/.m2/repository/com/codeborne/selenide-core/6.3.5/selenide-core-6.3.5.jar:/Users/kirill.kulik/.m2/repository/org/opentest4j/opentest4j/1.2.0/opentest4j-1.2.0.jar:/Users/kirill.kulik/.m2/repository/io/github/bonigarcia/webdrivermanager/5.1.0/webdrivermanager-5.1.0.jar:/Users/kirill.kulik/.m2/repository/com/google/code/gson/gson/2.9.0/gson-2.9.0.jar:/Users/kirill.kulik/.m2/repository/org/brotli/dec/0.1.2/dec-0.1.2.jar:/Users/kirill.kulik/.m2/repository/commons-lang/commons-lang/2.6/commons-lang-2.6.jar:/Users/kirill.kulik/.m2/repository/org/apache/commons/commons-compress/1.21/commons-compress-1.21.jar:/Users/kirill.kulik/.m2/repository/org/apache/httpcomponents/client5/httpclient5/5.1.3/httpclient5-5.1.3.jar:/Users/kirill.kulik/.m2/repository/org/apache/httpcomponents/core5/httpcore5/5.1.3/httpcore5-5.1.3.jar:/Users/kirill.kulik/.m2/repository/com/google/guava/guava/31.1-jre/guava-31.1-jre.jar:/Users/kirill.kulik/.m2/repository/com/google/guava/failureaccess/1.0.1/failureaccess-1.0.1.jar:/Users/kirill.kulik/.m2/repository/com/google/guava/listenablefuture/9999.0-empty-to-avoid-conflict-with-guava/listenablefuture-9999.0-empty-to-avoid-conflict-with-guava.jar:/Users/kirill.kulik/.m2/repository/com/google/code/findbugs/jsr305/3.0.2/jsr305-3.0.2.jar:/Users/kirill.kulik/.m2/repository/org/checkerframework/checker-qual/3.12.0/checker-qual-3.12.0.jar:/Users/kirill.kulik/.m2/repository/com/google/errorprone/error_prone_annotations/2.11.0/error_prone_annotations-2.11.0.jar:/Users/kirill.kulik/.m2/repository/com/google/j2objc/j2objc-annotations/1.3/j2objc-annotations-1.3.jar:/Users/kirill.kulik/.m2/repository/org/apache/commons/commons-lang3/3.12.0/commons-lang3-3.12.0.jar:/Users/kirill.kulik/.m2/repository/commons-io/commons-io/2.11.0/commons-io-2.11.0.jar:/Users/kirill.kulik/.m2/repository/org/slf4j/slf4j-api/1.7.36/slf4j-api-1.7.36.jar:/Users/kirill.kulik/.m2/repository/com/tngtech/java/junit-dataprovider/1.13.1/junit-dataprovider-1.13.1.jar:/Users/kirill.kulik/.m2/repository/io/rest-assured/rest-assured/4.4.0/rest-assured-4.4.0.jar:/Users/kirill.kulik/.m2/repository/org/codehaus/groovy/groovy/3.0.8/groovy-3.0.8.jar:/Users/kirill.kulik/.m2/repository/org/codehaus/groovy/groovy-xml/3.0.8/groovy-xml-3.0.8.jar:/Users/kirill.kulik/.m2/repository/org/apache/httpcomponents/httpclient/4.5.13/httpclient-4.5.13.jar:/Users/kirill.kulik/.m2/repository/org/apache/httpcomponents/httpcore/4.4.13/httpcore-4.4.13.jar:/Users/kirill.kulik/.m2/repository/commons-logging/commons-logging/1.2/commons-logging-1.2.jar:/Users/kirill.kulik/.m2/repository/commons-codec/commons-codec/1.11/commons-codec-1.11.jar:/Users/kirill.kulik/.m2/repository/org/apache/httpcomponents/httpmime/4.5.13/httpmime-4.5.13.jar:/Users/kirill.kulik/.m2/repository/org/hamcrest/hamcrest/2.1/hamcrest-2.1.jar:/Users/kirill.kulik/.m2/repository/org/ccil/cowan/tagsoup/tagsoup/1.2.1/tagsoup-1.2.1.jar:/Users/kirill.kulik/.m2/repository/io/rest-assured/json-path/4.4.0/json-path-4.4.0.jar:/Users/kirill.kulik/.m2/repository/org/codehaus/groovy/groovy-json/3.0.8/groovy-json-3.0.8.jar:/Users/kirill.kulik/.m2/repository/io/rest-assured/rest-assured-common/4.4.0/rest-assured-common-4.4.0.jar:/Users/kirill.kulik/.m2/repository/io/rest-assured/xml-path/4.4.0/xml-path-4.4.0.jar:/Users/kirill.kulik/.m2/repository/jakarta/xml/bind/jakarta.xml.bind-api/2.3.3/jakarta.xml.bind-api-2.3.3.jar:/Users/kirill.kulik/.m2/repository/jakarta/activation/jakarta.activation-api/1.2.2/jakarta.activation-api-1.2.2.jar:/Users/kirill.kulik/.m2/repository/com/sun/xml/bind/jaxb-impl/2.3.3/jaxb-impl-2.3.3.jar:/Users/kirill.kulik/.m2/repository/io/qameta/allure/allure-junit4/2.15.0/allure-junit4-2.15.0.jar:/Users/kirill.kulik/.m2/repository/io/qameta/allure/allure-java-commons/2.15.0/allure-java-commons-2.15.0.jar:/Users/kirill.kulik/.m2/repository/io/qameta/allure/allure-model/2.15.0/allure-model-2.15.0.jar:/Users/kirill.kulik/.m2/repository/io/qameta/allure/allure-rest-assured/2.15.0/allure-rest-assured-2.15.0.jar:/Users/kirill.kulik/.m2/repository/io/qameta/allure/allure-attachments/2.15.0/allure-attachments-2.15.0.jar:/Users/kirill.kulik/.m2/repository/org/freemarker/freemarker/2.3.31/freemarker-2.3.31.jar:"/>
    <property name="java.vm.vendor" value="Homebrew"/>
    <property name="sun.arch.data.model" value="64"/>
    <property name="java.vendor.url" value="https://github.com/Homebrew/homebrew-core/issues"/>
    <property name="os.name" value="Mac OS X"/>
    <property name="java.vm.specification.version" value="17"/>
    <property name="sun.java.launcher" value="SUN_STANDARD"/>
    <property name="user.country" value="RU"/>
    <property name="sun.boot.library.path" value="/opt/homebrew/Cellar/openjdk/17.0.1/libexec/openjdk.jdk/Contents/Home/lib"/>
    <property name="sun.java.command" value="/Users/kirill.kulik/Documents/AutotestDiamant/target/surefire/surefirebooter16904997603811458935.jar /Users/kirill.kulik/Documents/AutotestDiamant/target/surefire 2022-07-07T16-03-00_314-jvmRun1 surefire11621318574619253663tmp surefire_03141996622969207335tmp"/>
    <property name="jdk.debug" value="release"/>
    <property name="surefire.test.class.path" value="/Users/kirill.kulik/Documents/AutotestDiamant/target/test-classes:/Users/kirill.kulik/Documents/AutotestDiamant/target/classes:/Users/kirill.kulik/.m2/repository/com/fasterxml/jackson/core/jackson-databind/2.12.5/jackson-databind-2.12.5.jar:/Users/kirill.kulik/.m2/repository/com/fasterxml/jackson/core/jackson-annotations/2.12.5/jackson-annotations-2.12.5.jar:/Users/kirill.kulik/.m2/repository/com/fasterxml/jackson/core/jackson-core/2.12.5/jackson-core-2.12.5.jar:/Users/kirill.kulik/.m2/repository/junit/junit/4.13.2/junit-4.13.2.jar:/Users/kirill.kulik/.m2/repository/org/hamcrest/hamcrest-core/1.3/hamcrest-core-1.3.jar:/Users/kirill.kulik/.m2/repository/org/seleniumhq/selenium/selenium-java/4.1.1/selenium-java-4.1.1.jar:/Users/kirill.kulik/.m2/repository/org/seleniumhq/selenium/selenium-api/4.1.1/selenium-api-4.1.1.jar:/Users/kirill.kulik/.m2/repository/org/seleniumhq/selenium/selenium-chrome-driver/4.1.1/selenium-chrome-driver-4.1.1.jar:/Users/kirill.kulik/.m2/repository/com/google/auto/service/auto-service-annotations/1.0.1/auto-service-annotations-1.0.1.jar:/Users/kirill.kulik/.m2/repository/com/google/auto/service/auto-service/1.0.1/auto-service-1.0.1.jar:/Users/kirill.kulik/.m2/repository/com/google/auto/auto-common/1.2/auto-common-1.2.jar:/Users/kirill.kulik/.m2/repository/org/seleniumhq/selenium/selenium-chromium-driver/4.1.1/selenium-chromium-driver-4.1.1.jar:/Users/kirill.kulik/.m2/repository/org/seleniumhq/selenium/selenium-json/4.1.1/selenium-json-4.1.1.jar:/Users/kirill.kulik/.m2/repository/org/seleniumhq/selenium/selenium-devtools-v85/4.1.1/selenium-devtools-v85-4.1.1.jar:/Users/kirill.kulik/.m2/repository/org/seleniumhq/selenium/selenium-devtools-v94/4.1.1/selenium-devtools-v94-4.1.1.jar:/Users/kirill.kulik/.m2/repository/org/seleniumhq/selenium/selenium-devtools-v95/4.1.1/selenium-devtools-v95-4.1.1.jar:/Users/kirill.kulik/.m2/repository/org/seleniumhq/selenium/selenium-devtools-v96/4.1.1/selenium-devtools-v96-4.1.1.jar:/Users/kirill.kulik/.m2/repository/org/seleniumhq/selenium/selenium-edge-driver/4.1.1/selenium-edge-driver-4.1.1.jar:/Users/kirill.kulik/.m2/repository/org/seleniumhq/selenium/selenium-firefox-driver/4.1.1/selenium-firefox-driver-4.1.1.jar:/Users/kirill.kulik/.m2/repository/org/seleniumhq/selenium/selenium-firefox-xpi-driver/4.1.1/selenium-firefox-xpi-driver-4.1.1.jar:/Users/kirill.kulik/.m2/repository/org/seleniumhq/selenium/selenium-ie-driver/4.1.1/selenium-ie-driver-4.1.1.jar:/Users/kirill.kulik/.m2/repository/org/seleniumhq/selenium/selenium-opera-driver/4.1.1/selenium-opera-driver-4.1.1.jar:/Users/kirill.kulik/.m2/repository/org/seleniumhq/selenium/selenium-remote-driver/4.1.1/selenium-remote-driver-4.1.1.jar:/Users/kirill.kulik/.m2/repository/com/beust/jcommander/1.81/jcommander-1.81.jar:/Users/kirill.kulik/.m2/repository/io/netty/netty-buffer/4.1.70.Final/netty-buffer-4.1.70.Final.jar:/Users/kirill.kulik/.m2/repository/io/netty/netty-codec-http/4.1.70.Final/netty-codec-http-4.1.70.Final.jar:/Users/kirill.kulik/.m2/repository/io/netty/netty-codec/4.1.70.Final/netty-codec-4.1.70.Final.jar:/Users/kirill.kulik/.m2/repository/io/netty/netty-handler/4.1.70.Final/netty-handler-4.1.70.Final.jar:/Users/kirill.kulik/.m2/repository/io/netty/netty-common/4.1.70.Final/netty-common-4.1.70.Final.jar:/Users/kirill.kulik/.m2/repository/io/netty/netty-transport-classes-epoll/4.1.70.Final/netty-transport-classes-epoll-4.1.70.Final.jar:/Users/kirill.kulik/.m2/repository/io/netty/netty-transport-classes-kqueue/4.1.70.Final/netty-transport-classes-kqueue-4.1.70.Final.jar:/Users/kirill.kulik/.m2/repository/io/netty/netty-transport-native-unix-common/4.1.70.Final/netty-transport-native-unix-common-4.1.70.Final.jar:/Users/kirill.kulik/.m2/repository/io/netty/netty-transport/4.1.70.Final/netty-transport-4.1.70.Final.jar:/Users/kirill.kulik/.m2/repository/io/netty/netty-resolver/4.1.70.Final/netty-resolver-4.1.70.Final.jar:/Users/kirill.kulik/.m2/repository/io/opentelemetry/opentelemetry-api/1.9.1/opentelemetry-api-1.9.1.jar:/Users/kirill.kulik/.m2/repository/io/opentelemetry/opentelemetry-context/1.9.1/opentelemetry-context-1.9.1.jar:/Users/kirill.kulik/.m2/repository/io/opentelemetry/opentelemetry-exporter-logging/1.9.1/opentelemetry-exporter-logging-1.9.1.jar:/Users/kirill.kulik/.m2/repository/io/opentelemetry/opentelemetry-sdk-metrics/1.9.1-alpha/opentelemetry-sdk-metrics-1.9.1-alpha.jar:/Users/kirill.kulik/.m2/repository/io/opentelemetry/opentelemetry-sdk-logs/1.9.1-alpha/opentelemetry-sdk-logs-1.9.1-alpha.jar:/Users/kirill.kulik/.m2/repository/io/opentelemetry/opentelemetry-sdk-common/1.9.1/opentelemetry-sdk-common-1.9.1.jar:/Users/kirill.kulik/.m2/repository/io/opentelemetry/opentelemetry-sdk-extension-autoconfigure-spi/1.9.1/opentelemetry-sdk-extension-autoconfigure-spi-1.9.1.jar:/Users/kirill.kulik/.m2/repository/io/opentelemetry/opentelemetry-sdk-extension-autoconfigure/1.9.1-alpha/opentelemetry-sdk-extension-autoconfigure-1.9.1-alpha.jar:/Users/kirill.kulik/.m2/repository/io/opentelemetry/opentelemetry-sdk-trace/1.9.1/opentelemetry-sdk-trace-1.9.1.jar:/Users/kirill.kulik/.m2/repository/io/opentelemetry/opentelemetry-api-metrics/1.9.1-alpha/opentelemetry-api-metrics-1.9.1-alpha.jar:/Users/kirill.kulik/.m2/repository/io/opentelemetry/opentelemetry-sdk/1.9.1/opentelemetry-sdk-1.9.1.jar:/Users/kirill.kulik/.m2/repository/io/opentelemetry/opentelemetry-semconv/1.9.1-alpha/opentelemetry-semconv-1.9.1-alpha.jar:/Users/kirill.kulik/.m2/repository/io/ous/jtoml/2.0.0/jtoml-2.0.0.jar:/Users/kirill.kulik/.m2/repository/net/bytebuddy/byte-buddy/1.12.2/byte-buddy-1.12.2.jar:/Users/kirill.kulik/.m2/repository/org/apache/commons/commons-exec/1.3/commons-exec-1.3.jar:/Users/kirill.kulik/.m2/repository/org/asynchttpclient/async-http-client/2.12.3/async-http-client-2.12.3.jar:/Users/kirill.kulik/.m2/repository/org/asynchttpclient/async-http-client-netty-utils/2.12.3/async-http-client-netty-utils-2.12.3.jar:/Users/kirill.kulik/.m2/repository/io/netty/netty-codec-socks/4.1.60.Final/netty-codec-socks-4.1.60.Final.jar:/Users/kirill.kulik/.m2/repository/io/netty/netty-handler-proxy/4.1.60.Final/netty-handler-proxy-4.1.60.Final.jar:/Users/kirill.kulik/.m2/repository/io/netty/netty-transport-native-epoll/4.1.60.Final/netty-transport-native-epoll-4.1.60.Final-linux-x86_64.jar:/Users/kirill.kulik/.m2/repository/io/netty/netty-transport-native-kqueue/4.1.60.Final/netty-transport-native-kqueue-4.1.60.Final-osx-x86_64.jar:/Users/kirill.kulik/.m2/repository/org/reactivestreams/reactive-streams/1.0.3/reactive-streams-1.0.3.jar:/Users/kirill.kulik/.m2/repository/com/typesafe/netty/netty-reactive-streams/2.0.4/netty-reactive-streams-2.0.4.jar:/Users/kirill.kulik/.m2/repository/com/sun/activation/jakarta.activation/1.2.2/jakarta.activation-1.2.2.jar:/Users/kirill.kulik/.m2/repository/org/seleniumhq/selenium/selenium-http/4.1.1/selenium-http-4.1.1.jar:/Users/kirill.kulik/.m2/repository/net/jodah/failsafe/2.4.4/failsafe-2.4.4.jar:/Users/kirill.kulik/.m2/repository/org/seleniumhq/selenium/selenium-safari-driver/4.1.1/selenium-safari-driver-4.1.1.jar:/Users/kirill.kulik/.m2/repository/org/seleniumhq/selenium/selenium-support/4.1.1/selenium-support-4.1.1.jar:/Users/kirill.kulik/.m2/repository/com/codeborne/selenide/6.3.5/selenide-6.3.5.jar:/Users/kirill.kulik/.m2/repository/com/codeborne/selenide-core/6.3.5/selenide-core-6.3.5.jar:/Users/kirill.kulik/.m2/repository/org/opentest4j/opentest4j/1.2.0/opentest4j-1.2.0.jar:/Users/kirill.kulik/.m2/repository/io/github/bonigarcia/webdrivermanager/5.1.0/webdrivermanager-5.1.0.jar:/Users/kirill.kulik/.m2/repository/com/google/code/gson/gson/2.9.0/gson-2.9.0.jar:/Users/kirill.kulik/.m2/repository/org/brotli/dec/0.1.2/dec-0.1.2.jar:/Users/kirill.kulik/.m2/repository/commons-lang/commons-lang/2.6/commons-lang-2.6.jar:/Users/kirill.kulik/.m2/repository/org/apache/commons/commons-compress/1.21/commons-compress-1.21.jar:/Users/kirill.kulik/.m2/repository/org/apache/httpcomponents/client5/httpclient5/5.1.3/httpclient5-5.1.3.jar:/Users/kirill.kulik/.m2/repository/org/apache/httpcomponents/core5/httpcore5/5.1.3/httpcore5-5.1.3.jar:/Users/kirill.kulik/.m2/repository/com/google/guava/guava/31.1-jre/guava-31.1-jre.jar:/Users/kirill.kulik/.m2/repository/com/google/guava/failureaccess/1.0.1/failureaccess-1.0.1.jar:/Users/kirill.kulik/.m2/repository/com/google/guava/listenablefuture/9999.0-empty-to-avoid-conflict-with-guava/listenablefuture-9999.0-empty-to-avoid-conflict-with-guava.jar:/Users/kirill.kulik/.m2/repository/com/google/code/findbugs/jsr305/3.0.2/jsr305-3.0.2.jar:/Users/kirill.kulik/.m2/repository/org/checkerframework/checker-qual/3.12.0/checker-qual-3.12.0.jar:/Users/kirill.kulik/.m2/repository/com/google/errorprone/error_prone_annotations/2.11.0/error_prone_annotations-2.11.0.jar:/Users/kirill.kulik/.m2/repository/com/google/j2objc/j2objc-annotations/1.3/j2objc-annotations-1.3.jar:/Users/kirill.kulik/.m2/repository/org/apache/commons/commons-lang3/3.12.0/commons-lang3-3.12.0.jar:/Users/kirill.kulik/.m2/repository/commons-io/commons-io/2.11.0/commons-io-2.11.0.jar:/Users/kirill.kulik/.m2/repository/org/slf4j/slf4j-api/1.7.36/slf4j-api-1.7.36.jar:/Users/kirill.kulik/.m2/repository/com/tngtech/java/junit-dataprovider/1.13.1/junit-dataprovider-1.13.1.jar:/Users/kirill.kulik/.m2/repository/io/rest-assured/rest-assured/4.4.0/rest-assured-4.4.0.jar:/Users/kirill.kulik/.m2/repository/org/codehaus/groovy/groovy/3.0.8/groovy-3.0.8.jar:/Users/kirill.kulik/.m2/repository/org/codehaus/groovy/groovy-xml/3.0.8/groovy-xml-3.0.8.jar:/Users/kirill.kulik/.m2/repository/org/apache/httpcomponents/httpclient/4.5.13/httpclient-4.5.13.jar:/Users/kirill.kulik/.m2/repository/org/apache/httpcomponents/httpcore/4.4.13/httpcore-4.4.13.jar:/Users/kirill.kulik/.m2/repository/commons-logging/commons-logging/1.2/commons-logging-1.2.jar:/Users/kirill.kulik/.m2/repository/commons-codec/commons-codec/1.11/commons-codec-1.11.jar:/Users/kirill.kulik/.m2/repository/org/apache/httpcomponents/httpmime/4.5.13/httpmime-4.5.13.jar:/Users/kirill.kulik/.m2/repository/org/hamcrest/hamcrest/2.1/hamcrest-2.1.jar:/Users/kirill.kulik/.m2/repository/org/ccil/cowan/tagsoup/tagsoup/1.2.1/tagsoup-1.2.1.jar:/Users/kirill.kulik/.m2/repository/io/rest-assured/json-path/4.4.0/json-path-4.4.0.jar:/Users/kirill.kulik/.m2/repository/org/codehaus/groovy/groovy-json/3.0.8/groovy-json-3.0.8.jar:/Users/kirill.kulik/.m2/repository/io/rest-assured/rest-assured-common/4.4.0/rest-assured-common-4.4.0.jar:/Users/kirill.kulik/.m2/repository/io/rest-assured/xml-path/4.4.0/xml-path-4.4.0.jar:/Users/kirill.kulik/.m2/repository/jakarta/xml/bind/jakarta.xml.bind-api/2.3.3/jakarta.xml.bind-api-2.3.3.jar:/Users/kirill.kulik/.m2/repository/jakarta/activation/jakarta.activation-api/1.2.2/jakarta.activation-api-1.2.2.jar:/Users/kirill.kulik/.m2/repository/com/sun/xml/bind/jaxb-impl/2.3.3/jaxb-impl-2.3.3.jar:/Users/kirill.kulik/.m2/repository/io/qameta/allure/allure-junit4/2.15.0/allure-junit4-2.15.0.jar:/Users/kirill.kulik/.m2/repository/io/qameta/allure/allure-java-commons/2.15.0/allure-java-commons-2.15.0.jar:/Users/kirill.kulik/.m2/repository/io/qameta/allure/allure-model/2.15.0/allure-model-2.15.0.jar:/Users/kirill.kulik/.m2/repository/io/qameta/allure/allure-rest-assured/2.15.0/allure-rest-assured-2.15.0.jar:/Users/kirill.kulik/.m2/repository/io/qameta/allure/allure-attachments/2.15.0/allure-attachments-2.15.0.jar:/Users/kirill.kulik/.m2/repository/org/freemarker/freemarker/2.3.31/freemarker-2.3.31.jar:"/>
    <property name="allure.results.directory" value="/Users/kirill.kulik/Documents/AutotestDiamant/target/allure-results"/>
    <property name="sun.cpu.endian" value="little"/>
    <property name="user.home" value="/Users/kirill.kulik"/>
    <property name="user.language" value="ru"/>
    <property name="java.specification.vendor" value="Oracle Corporation"/>
    <property name="java.version.date" value="2021-10-19"/>
    <property name="java.home" value="/opt/homebrew/Cellar/openjdk/17.0.1/libexec/openjdk.jdk/Contents/Home"/>
    <property name="file.separator" value="/"/>
    <property name="basedir" value="/Users/kirill.kulik/Documents/AutotestDiamant"/>
    <property name="java.vm.compressedOopsMode" value="Zero based"/>
    <property name="line.separator" value="&#10;"/>
    <property name="java.specification.name" value="Java Platform API Specification"/>
    <property name="java.vm.specification.vendor" value="Oracle Corporation"/>
    <property name="surefire.real.class.path" value="/Users/kirill.kulik/Documents/AutotestDiamant/target/surefire/surefirebooter16904997603811458935.jar"/>
    <property name="sun.management.compiler" value="HotSpot 64-Bit Tiered Compilers"/>
    <property name="java.runtime.version" value="17.0.1+0"/>
    <property name="user.name" value="kirill.kulik"/>
    <property name="path.separator" value=":"/>
    <property name="os.version" value="11.2.3"/>
    <property name="java.runtime.name" value="OpenJDK Runtime Environment"/>
    <property name="file.encoding" value="UTF-8"/>
    <property name="java.vm.name" value="OpenJDK 64-Bit Server VM"/>
    <property name="java.vendor.version" value="Homebrew"/>
    <property name="localRepository" value="/Users/kirill.kulik/.m2/repository"/>
    <property name="java.vendor.url.bug" value="https://github.com/Homebrew/homebrew-core/issues"/>
    <property name="java.io.tmpdir" value="/var/folders/41/v2xnql391hv5440ydc8__zy4h7cbpp/T/"/>
    <property name="java.version" value="17.0.1"/>
    <property name="user.dir" value="/Users/kirill.kulik/Documents/AutotestDiamant"/>
    <property name="os.arch" value="aarch64"/>
    <property name="java.vm.specification.name" value="Java Virtual Machine Specification"/>
    <property name="native.encoding" value="UTF-8"/>
    <property name="java.library.path" value="/Users/kirill.kulik/Library/Java/Extensions:/Library/Java/Extensions:/Network/Library/Java/Extensions:/System/Library/Java/Extensions:/usr/lib/java:."/>
    <property name="java.vm.info" value="mixed mode, sharing"/>
    <property name="java.vendor" value="Homebrew"/>
    <property name="java.vm.version" value="17.0.1+0"/>
    <property name="sun.io.unicode.encoding" value="UnicodeBig"/>
    <property name="java.class.version" value="61.0"/>
  </properties>
  <testcase name="catalogSortingByPrice" classname="Catalog.CatalogSortByPriceTest" time="4.234"/>
</testsuite>